<?xml version="1.0" encoding="UTF-8"?>
<robot generator="Robot 6.1.1 (Python 3.12.0 on win32)" generated="20240809 13:34:08.138" rpa="false" schemaversion="4">
<suite id="s1" name="Register" source="C:\Users\tryna\courserobot\automate-test\testcases\register.robot">
<kw name="Open Browser" library="SeleniumLibrary" type="SETUP">
<arg>${baseUrl}</arg>
<arg>chrome</arg>
<doc>Opens a new browser instance to the optional ``url``.</doc>
<msg timestamp="20240809 13:34:08.872" level="INFO">Opening browser 'chrome' to base url 'https://futureskill.co/'.</msg>
<status status="PASS" starttime="20240809 13:34:08.871" endtime="20240809 13:34:12.647"/>
</kw>
<test id="s1-t1" name="As a user, I want to login success with valid credential" line="14">
<kw name="Wait until element is ready then click element" library="CommonKeywords">
<arg>xpath=//button[text()="สมัครสมาชิก"]</arg>
<kw name="Wait Until Keyword Succeeds" library="BuiltIn">
<arg>5x</arg>
<arg>2s</arg>
<arg>Click Element</arg>
<arg>${locator}</arg>
<doc>Runs the specified keyword and retries if it fails.</doc>
<kw name="Click Element" library="SeleniumLibrary">
<arg>${locator}</arg>
<doc>Click the element identified by ``locator``.</doc>
<msg timestamp="20240809 13:34:12.655" level="INFO">Clicking element 'xpath=//button[text()="สมัครสมาชิก"]'.</msg>
<msg timestamp="20240809 13:34:12.857" level="INFO" html="true">&lt;/td&gt;&lt;/tr&gt;&lt;tr&gt;&lt;td colspan="3"&gt;&lt;a href="selenium-screenshot-217.png"&gt;&lt;img src="selenium-screenshot-217.png" width="800px"&gt;&lt;/a&gt;</msg>
<msg timestamp="20240809 13:34:12.858" level="FAIL">Element with locator 'xpath=//button[text()="สมัครสมาชิก"]' not found.</msg>
<status status="FAIL" starttime="20240809 13:34:12.654" endtime="20240809 13:34:12.869"/>
</kw>
<kw name="Click Element" library="SeleniumLibrary">
<arg>${locator}</arg>
<doc>Click the element identified by ``locator``.</doc>
<msg timestamp="20240809 13:34:14.884" level="INFO">Clicking element 'xpath=//button[text()="สมัครสมาชิก"]'.</msg>
<status status="PASS" starttime="20240809 13:34:14.877" endtime="20240809 13:34:17.968"/>
</kw>
<status status="PASS" starttime="20240809 13:34:12.652" endtime="20240809 13:34:17.968"/>
</kw>
<status status="PASS" starttime="20240809 13:34:12.651" endtime="20240809 13:34:17.968"/>
</kw>
<kw name="Register user" library="RegisKeywords">
<arg>trynantapat777@gmail.com</arg>
<arg>NAntapat</arg>
<arg>Chompoo</arg>
<arg>0813774389</arg>
<arg>Aa0983941255</arg>
<arg>Aa0983941255</arg>
<kw name="Input Text" library="SeleniumLibrary">
<arg>name=email</arg>
<arg>${email}</arg>
<doc>Types the given ``text`` into the text field identified by ``locator``.</doc>
<msg timestamp="20240809 13:34:17.976" level="INFO">Typing text 'trynantapat777@gmail.com' into text field 'name=email'.</msg>
<status status="PASS" starttime="20240809 13:34:17.975" endtime="20240809 13:34:18.855"/>
</kw>
<kw name="Input Text" library="SeleniumLibrary">
<arg>name=firstName</arg>
<arg>${Firstname}</arg>
<doc>Types the given ``text`` into the text field identified by ``locator``.</doc>
<msg timestamp="20240809 13:34:18.856" level="INFO">Typing text 'NAntapat' into text field 'name=firstName'.</msg>
<status status="PASS" starttime="20240809 13:34:18.855" endtime="20240809 13:34:19.084"/>
</kw>
<kw name="Input Text" library="SeleniumLibrary">
<arg>name=lastName</arg>
<arg>${Lastname}</arg>
<doc>Types the given ``text`` into the text field identified by ``locator``.</doc>
<msg timestamp="20240809 13:34:19.086" level="INFO">Typing text 'Chompoo' into text field 'name=lastName'.</msg>
<status status="PASS" starttime="20240809 13:34:19.084" endtime="20240809 13:34:19.289"/>
</kw>
<kw name="Input Text" library="SeleniumLibrary">
<arg>name=phoneNumber</arg>
<arg>${phoneNumber}</arg>
<doc>Types the given ``text`` into the text field identified by ``locator``.</doc>
<msg timestamp="20240809 13:34:19.291" level="INFO">Typing text '0813774389' into text field 'name=phoneNumber'.</msg>
<status status="PASS" starttime="20240809 13:34:19.289" endtime="20240809 13:34:19.504"/>
</kw>
<kw name="Input Text" library="SeleniumLibrary">
<arg>name=newPassword</arg>
<arg>${newPassword}</arg>
<doc>Types the given ``text`` into the text field identified by ``locator``.</doc>
<msg timestamp="20240809 13:34:19.506" level="INFO">Typing text 'Aa0983941255' into text field 'name=newPassword'.</msg>
<status status="PASS" starttime="20240809 13:34:19.505" endtime="20240809 13:34:19.738"/>
</kw>
<kw name="Input Text" library="SeleniumLibrary">
<arg>name=confirmPassword</arg>
<arg>${confirmPassword}</arg>
<doc>Types the given ``text`` into the text field identified by ``locator``.</doc>
<msg timestamp="20240809 13:34:19.739" level="INFO">Typing text 'Aa0983941255' into text field 'name=confirmPassword'.</msg>
<status status="PASS" starttime="20240809 13:34:19.738" endtime="20240809 13:34:19.919"/>
</kw>
<kw name="Select Checkbox" library="SeleniumLibrary">
<arg>name=consent</arg>
<doc>Selects the checkbox identified by ``locator``.</doc>
<msg timestamp="20240809 13:34:19.921" level="INFO">Selecting checkbox 'name=consent'.</msg>
<status status="PASS" starttime="20240809 13:34:19.919" endtime="20240809 13:34:20.118"/>
</kw>
<status status="PASS" starttime="20240809 13:34:17.973" endtime="20240809 13:34:20.118"/>
</kw>
<kw name="Wait until element is ready then click element" library="CommonKeywords">
<arg>xpath=//button[text()="สมัครสมาชิก"]</arg>
<kw name="Wait Until Keyword Succeeds" library="BuiltIn">
<arg>5x</arg>
<arg>2s</arg>
<arg>Click Element</arg>
<arg>${locator}</arg>
<doc>Runs the specified keyword and retries if it fails.</doc>
<kw name="Click Element" library="SeleniumLibrary">
<arg>${locator}</arg>
<doc>Click the element identified by ``locator``.</doc>
<msg timestamp="20240809 13:34:20.122" level="INFO">Clicking element 'xpath=//button[text()="สมัครสมาชิก"]'.</msg>
<status status="PASS" starttime="20240809 13:34:20.121" endtime="20240809 13:34:20.298"/>
</kw>
<status status="PASS" starttime="20240809 13:34:20.120" endtime="20240809 13:34:20.298"/>
</kw>
<status status="PASS" starttime="20240809 13:34:20.120" endtime="20240809 13:34:20.299"/>
</kw>
<kw name="Sleep" library="BuiltIn">
<arg>5s</arg>
<doc>Pauses the test executed for the given time.</doc>
<msg timestamp="20240809 13:34:25.301" level="INFO">Slept 5 seconds</msg>
<status status="PASS" starttime="20240809 13:34:20.300" endtime="20240809 13:34:25.301"/>
</kw>
<kw name="CheckOtp" library="RegisKeywords">
<kw name="Get Text" library="SeleniumLibrary">
<var>${element_text}</var>
<arg>xpath=//h6[@class='text-center' and contains(text(), 'ระบบได้ส่งรหัส OTP ไปยังเบอร์โทรศัพท์') and span[text()='XX-XXXX-4389']]</arg>
<doc>Returns the text value of the element identified by ``locator``.</doc>
<msg timestamp="20240809 13:34:25.364" level="INFO">${element_text} = ระบบได้ส่งรหัส OTP ไปยังเบอร์โทรศัพท์XX-XXXX-4389</msg>
<status status="PASS" starttime="20240809 13:34:25.303" endtime="20240809 13:34:25.365"/>
</kw>
<kw name="Element Should Contain" library="SeleniumLibrary">
<arg>xpath=//h6[@class='text-center' and contains(text(), 'ระบบได้ส่งรหัส OTP ไปยังเบอร์โทรศัพท์') and span[text()='XX-XXXX-4389']]</arg>
<arg>ระบบได้ส่งรหัส OTP ไปยังเบอร์โทรศัพท์</arg>
<doc>Verifies that element ``locator`` contains text ``expected``.</doc>
<msg timestamp="20240809 13:34:25.388" level="INFO">Element 'xpath=//h6[@class='text-center' and contains(text(), 'ระบบได้ส่งรหัส OTP ไปยังเบอร์โทรศัพท์') and span[text()='XX-XXXX-4389']]' contains text 'ระบบได้ส่งรหัส OTP ไปยังเบอร์โทรศัพท์'.</msg>
<status status="PASS" starttime="20240809 13:34:25.365" endtime="20240809 13:34:25.388"/>
</kw>
<status status="PASS" starttime="20240809 13:34:25.302" endtime="20240809 13:34:25.388"/>
</kw>
<status status="PASS" starttime="20240809 13:34:12.648" endtime="20240809 13:34:25.389"/>
</test>
<kw name="Close Browser" library="SeleniumLibrary" type="TEARDOWN">
<doc>Closes the current browser.</doc>
<status status="PASS" starttime="20240809 13:34:25.391" endtime="20240809 13:34:28.135"/>
</kw>
<status status="PASS" starttime="20240809 13:34:08.142" endtime="20240809 13:34:28.135"/>
</suite>
<statistics>
<total>
<stat pass="1" fail="0" skip="0">All Tests</stat>
</total>
<tag>
</tag>
<suite>
<stat pass="1" fail="0" skip="0" id="s1" name="Register">Register</stat>
</suite>
</statistics>
<errors>
<msg timestamp="20240809 13:34:08.869" level="ERROR">Error in file 'C:\Users\tryna\courserobot\automate-test\testcases\register.robot' on line 9: Processing variable file 'C:\Users\tryna\courserobot\automate-test\resourse\testdata\testdata.yaml' failed: YAML variable file must be a mapping, got None.</msg>
</errors>
</robot>
